2018-07-06 12:55:06.274  INFO LAPTOP-TB1HU0C1 --- [  restartedMain] s.c.a.AnnotationConfigApplicationContext : Refreshing org.springframework.context.annotation.AnnotationConfigApplicationContext@78a0b5be: startup date [Fri Jul 06 12:55:06 EDT 2018]; root of context hierarchy
2018-07-06 12:55:07.086  INFO LAPTOP-TB1HU0C1 --- [  restartedMain] f.a.AutowiredAnnotationBeanPostProcessor : JSR-330 'javax.inject.Inject' annotation found and supported for autowiring
2018-07-06 12:55:07.134  INFO LAPTOP-TB1HU0C1 --- [  restartedMain] trationDelegate$BeanPostProcessorChecker : Bean 'configurationPropertiesRebinderAutoConfiguration' of type [org.springframework.cloud.autoconfigure.ConfigurationPropertiesRebinderAutoConfiguration$$EnhancerBySpringCGLIB$$1d196234] is not eligible for getting processed by all BeanPostProcessors (for example: not eligible for auto-proxying)
2018-07-06 12:55:07.867  INFO LAPTOP-TB1HU0C1 --- [  restartedMain] c.c.c.ConfigServicePropertySourceLocator : Fetching config from server at : http://localhost:8888
2018-07-06 12:55:09.321  INFO LAPTOP-TB1HU0C1 --- [  restartedMain] c.c.c.ConfigServicePropertySourceLocator : Connect Timeout Exception on Url - http://localhost:8888. Will be trying the next url if available
2018-07-06 12:55:09.321  WARN LAPTOP-TB1HU0C1 --- [  restartedMain] c.c.c.ConfigServicePropertySourceLocator : Could not locate PropertySource: I/O error on GET request for "http://localhost:8888/batch-service/default": Connection refused: connect; nested exception is java.net.ConnectException: Connection refused: connect
2018-07-06 12:55:09.336  INFO LAPTOP-TB1HU0C1 --- [  restartedMain] c.r.a.AssignForceBatchServiceApplication : No active profile set, falling back to default profiles: default
2018-07-06 12:55:09.430  INFO LAPTOP-TB1HU0C1 --- [  restartedMain] ConfigServletWebServerApplicationContext : Refreshing org.springframework.boot.web.servlet.context.AnnotationConfigServletWebServerApplicationContext@64df594c: startup date [Fri Jul 06 12:55:09 EDT 2018]; parent: org.springframework.context.annotation.AnnotationConfigApplicationContext@78a0b5be
2018-07-06 12:55:13.618  INFO LAPTOP-TB1HU0C1 --- [  restartedMain] o.s.b.f.s.DefaultListableBeanFactory     : Overriding bean definition for bean 'dataSource' with a different definition: replacing [Root bean: class [null]; scope=refresh; abstract=false; lazyInit=false; autowireMode=3; dependencyCheck=0; autowireCandidate=false; primary=false; factoryBeanName=org.springframework.boot.autoconfigure.jdbc.DataSourceConfiguration$Hikari; factoryMethodName=dataSource; initMethodName=null; destroyMethodName=(inferred); defined in class path resource [org/springframework/boot/autoconfigure/jdbc/DataSourceConfiguration$Hikari.class]] with [Root bean: class [org.springframework.aop.scope.ScopedProxyFactoryBean]; scope=; abstract=false; lazyInit=false; autowireMode=0; dependencyCheck=0; autowireCandidate=true; primary=false; factoryBeanName=null; factoryMethodName=null; initMethodName=null; destroyMethodName=null; defined in BeanDefinition defined in class path resource [org/springframework/boot/autoconfigure/jdbc/DataSourceConfiguration$Hikari.class]]
2018-07-06 12:55:13.851  INFO LAPTOP-TB1HU0C1 --- [  restartedMain] o.s.c.c.s.GenericScope                   : BeanFactory id=4a6c3332-84c7-330f-ae11-57dc4fe02b35
2018-07-06 12:55:13.866  INFO LAPTOP-TB1HU0C1 --- [  restartedMain] f.a.AutowiredAnnotationBeanPostProcessor : JSR-330 'javax.inject.Inject' annotation found and supported for autowiring
2018-07-06 12:55:14.069  INFO LAPTOP-TB1HU0C1 --- [  restartedMain] trationDelegate$BeanPostProcessorChecker : Bean 'org.springframework.transaction.annotation.ProxyTransactionManagementConfiguration' of type [org.springframework.transaction.annotation.ProxyTransactionManagementConfiguration$$EnhancerBySpringCGLIB$$ff5f37] is not eligible for getting processed by all BeanPostProcessors (for example: not eligible for auto-proxying)
2018-07-06 12:55:14.101  INFO LAPTOP-TB1HU0C1 --- [  restartedMain] trationDelegate$BeanPostProcessorChecker : Bean 'org.springframework.cloud.autoconfigure.ConfigurationPropertiesRebinderAutoConfiguration' of type [org.springframework.cloud.autoconfigure.ConfigurationPropertiesRebinderAutoConfiguration$$EnhancerBySpringCGLIB$$1d196234] is not eligible for getting processed by all BeanPostProcessors (for example: not eligible for auto-proxying)
2018-07-06 12:55:15.530  INFO LAPTOP-TB1HU0C1 --- [  restartedMain] o.s.b.w.e.t.TomcatWebServer              : Tomcat initialized with port(s): 8675 (http)
2018-07-06 12:55:15.884  INFO LAPTOP-TB1HU0C1 --- [ost-startStop-1] o.s.w.c.ContextLoader                    : Root WebApplicationContext: initialization completed in 6454 ms
2018-07-06 12:55:16.025  INFO LAPTOP-TB1HU0C1 --- [ost-startStop-1] o.s.b.w.s.ServletRegistrationBean        : Servlet dispatcherServlet mapped to [/]
2018-07-06 12:55:16.025  INFO LAPTOP-TB1HU0C1 --- [ost-startStop-1] o.s.b.w.s.FilterRegistrationBean         : Mapping filter: 'characterEncodingFilter' to: [/*]
2018-07-06 12:55:16.025  INFO LAPTOP-TB1HU0C1 --- [ost-startStop-1] o.s.b.w.s.FilterRegistrationBean         : Mapping filter: 'hiddenHttpMethodFilter' to: [/*]
2018-07-06 12:55:16.025  INFO LAPTOP-TB1HU0C1 --- [ost-startStop-1] o.s.b.w.s.FilterRegistrationBean         : Mapping filter: 'httpPutFormContentFilter' to: [/*]
2018-07-06 12:55:16.025  INFO LAPTOP-TB1HU0C1 --- [ost-startStop-1] o.s.b.w.s.FilterRegistrationBean         : Mapping filter: 'requestContextFilter' to: [/*]
2018-07-06 12:55:16.150  INFO LAPTOP-TB1HU0C1 --- [  restartedMain] o.s.a.f.CglibAopProxy                    : Method [void com.zaxxer.hikari.HikariConfig.seal()] is package-visible across different ClassLoaders and cannot get proxied via CGLIB: Declare this method as public or protected if you need to support invocations through the proxy.
2018-07-06 12:55:17.900  INFO LAPTOP-TB1HU0C1 --- [  restartedMain] j.LocalContainerEntityManagerFactoryBean : Building JPA container EntityManagerFactory for persistence unit 'default'
2018-07-06 12:55:17.916  INFO LAPTOP-TB1HU0C1 --- [  restartedMain] o.h.j.i.u.LogHelper                      : HHH000204: Processing PersistenceUnitInfo [
	name: default
	...]
2018-07-06 12:55:18.134  INFO LAPTOP-TB1HU0C1 --- [  restartedMain] o.h.Version                              : HHH000412: Hibernate Core {5.2.17.Final}
2018-07-06 12:55:18.134  INFO LAPTOP-TB1HU0C1 --- [  restartedMain] o.h.c.Environment                        : HHH000206: hibernate.properties not found
2018-07-06 12:55:18.369  INFO LAPTOP-TB1HU0C1 --- [  restartedMain] o.h.a.c.Version                          : HCANN000001: Hibernate Commons Annotations {5.0.1.Final}
2018-07-06 12:55:18.664  INFO LAPTOP-TB1HU0C1 --- [  restartedMain] o.h.d.Dialect                            : HHH000400: Using dialect: org.hibernate.dialect.Oracle12cDialect
2018-07-06 12:55:18.871  INFO LAPTOP-TB1HU0C1 --- [  restartedMain] o.h.t.BasicTypeRegistry                  : HHH000270: Type registration [byte[]] overrides previous : org.hibernate.type.BinaryType@1fc9b0aa
2018-07-06 12:55:18.871  INFO LAPTOP-TB1HU0C1 --- [  restartedMain] o.h.t.BasicTypeRegistry                  : HHH000270: Type registration [[B] overrides previous : org.hibernate.type.BinaryType@1fc9b0aa
2018-07-06 12:55:18.871  INFO LAPTOP-TB1HU0C1 --- [  restartedMain] o.h.t.BasicTypeRegistry                  : HHH000270: Type registration [Byte[]] overrides previous : org.hibernate.type.WrapperBinaryType@38718a64
2018-07-06 12:55:18.871  INFO LAPTOP-TB1HU0C1 --- [  restartedMain] o.h.t.BasicTypeRegistry                  : HHH000270: Type registration [[Ljava.lang.Byte;] overrides previous : org.hibernate.type.WrapperBinaryType@38718a64
2018-07-06 12:55:20.689  INFO LAPTOP-TB1HU0C1 --- [  restartedMain] j.LocalContainerEntityManagerFactoryBean : Initialized JPA EntityManagerFactory for persistence unit 'default'
2018-07-06 12:55:21.610  INFO LAPTOP-TB1HU0C1 --- [  restartedMain] o.s.w.s.h.SimpleUrlHandlerMapping        : Mapped URL path [/**/favicon.ico] onto handler of type [class org.springframework.web.servlet.resource.ResourceHttpRequestHandler]
2018-07-06 12:55:21.897  INFO LAPTOP-TB1HU0C1 --- [  restartedMain] s.w.s.m.m.a.RequestMappingHandlerAdapter : Looking for @ControllerAdvice: org.springframework.boot.web.servlet.context.AnnotationConfigServletWebServerApplicationContext@64df594c: startup date [Fri Jul 06 12:55:09 EDT 2018]; parent: org.springframework.context.annotation.AnnotationConfigApplicationContext@78a0b5be
2018-07-06 12:55:22.021  WARN LAPTOP-TB1HU0C1 --- [  restartedMain] aWebConfiguration$JpaWebMvcConfiguration : spring.jpa.open-in-view is enabled by default. Therefore, database queries may be performed during view rendering. Explicitly configure spring.jpa.open-in-view to disable this warning
2018-07-06 12:55:22.068  INFO LAPTOP-TB1HU0C1 --- [  restartedMain] s.w.s.m.m.a.RequestMappingHandlerMapping : Mapped "{[/batch/batchid],methods=[POST],consumes=[application/json],produces=[application/json]}" onto public org.springframework.http.ResponseEntity<com.revature.assignforce.beans.Batch> com.revature.assignforce.controllers.BatchController.getByUsername(int)
2018-07-06 12:55:22.068  INFO LAPTOP-TB1HU0C1 --- [  restartedMain] s.w.s.m.m.a.RequestMappingHandlerMapping : Mapped "{[/batch],methods=[POST],consumes=[application/json],produces=[application/json]}" onto public org.springframework.http.ResponseEntity<com.revature.assignforce.beans.Batch> com.revature.assignforce.controllers.BatchController.add(com.revature.assignforce.beans.Batch)
2018-07-06 12:55:22.068  INFO LAPTOP-TB1HU0C1 --- [  restartedMain] s.w.s.m.m.a.RequestMappingHandlerMapping : Mapped "{[/batch],methods=[PUT],consumes=[application/json],produces=[application/json]}" onto public org.springframework.http.ResponseEntity<com.revature.assignforce.beans.Batch> com.revature.assignforce.controllers.BatchController.update(com.revature.assignforce.beans.Batch)
2018-07-06 12:55:22.068  INFO LAPTOP-TB1HU0C1 --- [  restartedMain] s.w.s.m.m.a.RequestMappingHandlerMapping : Mapped "{[/batch],methods=[DELETE],consumes=[application/json],produces=[application/json]}" onto public org.springframework.http.ResponseEntity<com.revature.assignforce.beans.Batch> com.revature.assignforce.controllers.BatchController.delete(int)
2018-07-06 12:55:22.068  INFO LAPTOP-TB1HU0C1 --- [  restartedMain] s.w.s.m.m.a.RequestMappingHandlerMapping : Mapped "{[/batch],methods=[GET]}" onto public java.util.List<com.revature.assignforce.beans.Batch> com.revature.assignforce.controllers.BatchController.getAll()
2018-07-06 12:55:22.068  INFO LAPTOP-TB1HU0C1 --- [  restartedMain] s.w.s.m.m.a.RequestMappingHandlerMapping : Mapped "{[/error],produces=[text/html]}" onto public org.springframework.web.servlet.ModelAndView org.springframework.boot.autoconfigure.web.servlet.error.BasicErrorController.errorHtml(javax.servlet.http.HttpServletRequest,javax.servlet.http.HttpServletResponse)
2018-07-06 12:55:22.068  INFO LAPTOP-TB1HU0C1 --- [  restartedMain] s.w.s.m.m.a.RequestMappingHandlerMapping : Mapped "{[/error]}" onto public org.springframework.http.ResponseEntity<java.util.Map<java.lang.String, java.lang.Object>> org.springframework.boot.autoconfigure.web.servlet.error.BasicErrorController.error(javax.servlet.http.HttpServletRequest)
2018-07-06 12:55:22.084  INFO LAPTOP-TB1HU0C1 --- [  restartedMain] o.s.w.s.h.SimpleUrlHandlerMapping        : Mapped URL path [/webjars/**] onto handler of type [class org.springframework.web.servlet.resource.ResourceHttpRequestHandler]
2018-07-06 12:55:22.084  INFO LAPTOP-TB1HU0C1 --- [  restartedMain] o.s.w.s.h.SimpleUrlHandlerMapping        : Mapped URL path [/**] onto handler of type [class org.springframework.web.servlet.resource.ResourceHttpRequestHandler]
2018-07-06 12:55:22.443  INFO LAPTOP-TB1HU0C1 --- [  restartedMain] o.s.b.d.a.OptionalLiveReloadServer       : LiveReload server is running on port 35729
2018-07-06 12:55:23.005  INFO LAPTOP-TB1HU0C1 --- [  restartedMain] o.s.j.e.a.AnnotationMBeanExporter        : Registering beans for JMX exposure on startup
2018-07-06 12:55:23.005  INFO LAPTOP-TB1HU0C1 --- [  restartedMain] o.s.j.e.a.AnnotationMBeanExporter        : Bean with name 'dataSource' has been autodetected for JMX exposure
2018-07-06 12:55:23.005  INFO LAPTOP-TB1HU0C1 --- [  restartedMain] o.s.j.e.a.AnnotationMBeanExporter        : Bean with name 'refreshScope' has been autodetected for JMX exposure
2018-07-06 12:55:23.005  INFO LAPTOP-TB1HU0C1 --- [  restartedMain] o.s.j.e.a.AnnotationMBeanExporter        : Bean with name 'configurationPropertiesRebinder' has been autodetected for JMX exposure
2018-07-06 12:55:23.005  INFO LAPTOP-TB1HU0C1 --- [  restartedMain] o.s.j.e.a.AnnotationMBeanExporter        : Bean with name 'environmentManager' has been autodetected for JMX exposure
2018-07-06 12:55:23.005  INFO LAPTOP-TB1HU0C1 --- [  restartedMain] o.s.j.e.a.AnnotationMBeanExporter        : Located managed bean 'environmentManager': registering with JMX server as MBean [org.springframework.cloud.context.environment:name=environmentManager,type=EnvironmentManager]
2018-07-06 12:55:23.021  INFO LAPTOP-TB1HU0C1 --- [  restartedMain] o.s.j.e.a.AnnotationMBeanExporter        : Located managed bean 'refreshScope': registering with JMX server as MBean [org.springframework.cloud.context.scope.refresh:name=refreshScope,type=RefreshScope]
2018-07-06 12:55:23.036  INFO LAPTOP-TB1HU0C1 --- [  restartedMain] o.s.j.e.a.AnnotationMBeanExporter        : Located managed bean 'configurationPropertiesRebinder': registering with JMX server as MBean [org.springframework.cloud.context.properties:name=configurationPropertiesRebinder,context=64df594c,type=ConfigurationPropertiesRebinder]
2018-07-06 12:55:23.036  INFO LAPTOP-TB1HU0C1 --- [  restartedMain] o.s.j.e.a.AnnotationMBeanExporter        : Located MBean 'dataSource': registering with JMX server as MBean [com.zaxxer.hikari:name=dataSource,type=HikariDataSource]
2018-07-06 12:55:23.036  INFO LAPTOP-TB1HU0C1 --- [  restartedMain] o.s.c.s.DefaultLifecycleProcessor        : Starting beans in phase 0
2018-07-06 12:55:23.036  INFO LAPTOP-TB1HU0C1 --- [  restartedMain] o.s.c.n.e.InstanceInfoFactory            : Setting initial instance status as: STARTING
2018-07-06 12:55:26.929  INFO LAPTOP-TB1HU0C1 --- [  restartedMain] o.s.c.n.e.s.EurekaServiceRegistry        : Registering application batch-service with eureka with status UP
2018-07-06 12:55:27.034  INFO LAPTOP-TB1HU0C1 --- [  restartedMain] o.s.b.w.e.t.TomcatWebServer              : Tomcat started on port(s): 8675 (http) with context path ''
2018-07-06 12:55:27.035  INFO LAPTOP-TB1HU0C1 --- [  restartedMain] .s.c.n.e.s.EurekaAutoServiceRegistration : Updating port to 8675
2018-07-06 12:55:27.046  INFO LAPTOP-TB1HU0C1 --- [  restartedMain] c.r.a.AssignForceBatchServiceApplication : Started AssignForceBatchServiceApplication in 23.43 seconds (JVM running for 31.937)
2018-07-06 12:55:27.076 ERROR LAPTOP-TB1HU0C1 --- [           main] c.r.a.AssignForceBatchServiceApplication : Errors caught.
org.springframework.boot.devtools.restart.SilentExitExceptionHandler$SilentExitException
	at org.springframework.boot.devtools.restart.SilentExitExceptionHandler.exitCurrentThread(SilentExitExceptionHandler.java:90)
	at org.springframework.boot.devtools.restart.Restarter.immediateRestart(Restarter.java:181)
	at org.springframework.boot.devtools.restart.Restarter.initialize(Restarter.java:165)
	at org.springframework.boot.devtools.restart.Restarter.initialize(Restarter.java:562)
	at org.springframework.boot.devtools.restart.RestartApplicationListener.onApplicationStartingEvent(RestartApplicationListener.java:67)
	at org.springframework.boot.devtools.restart.RestartApplicationListener.onApplicationEvent(RestartApplicationListener.java:45)
	at org.springframework.context.event.SimpleApplicationEventMulticaster.doInvokeListener(SimpleApplicationEventMulticaster.java:172)
	at org.springframework.context.event.SimpleApplicationEventMulticaster.invokeListener(SimpleApplicationEventMulticaster.java:165)
	at org.springframework.context.event.SimpleApplicationEventMulticaster.multicastEvent(SimpleApplicationEventMulticaster.java:139)
	at org.springframework.context.event.SimpleApplicationEventMulticaster.multicastEvent(SimpleApplicationEventMulticaster.java:127)
	at org.springframework.boot.context.event.EventPublishingRunListener.starting(EventPublishingRunListener.java:68)
	at org.springframework.boot.SpringApplicationRunListeners.starting(SpringApplicationRunListeners.java:48)
	at org.springframework.boot.SpringApplication.run(SpringApplication.java:313)
	at org.springframework.boot.SpringApplication.run(SpringApplication.java:1255)
	at org.springframework.boot.SpringApplication.run(SpringApplication.java:1243)
	at com.revature.assignforce.AssignForceBatchServiceApplication.main(AssignForceBatchServiceApplication.java:21)
